[90mPOST /hooks [32m200 [90m6ms - 63b[0m
